running egg_info
writing ../build/voice_kick_ball/voice_kick_ball.egg-info/PKG-INFO
writing dependency_links to ../build/voice_kick_ball/voice_kick_ball.egg-info/dependency_links.txt
writing entry points to ../build/voice_kick_ball/voice_kick_ball.egg-info/entry_points.txt
writing requirements to ../build/voice_kick_ball/voice_kick_ball.egg-info/requires.txt
writing top-level names to ../build/voice_kick_ball/voice_kick_ball.egg-info/top_level.txt
reading manifest file '../build/voice_kick_ball/voice_kick_ball.egg-info/SOURCES.txt'
writing manifest file '../build/voice_kick_ball/voice_kick_ball.egg-info/SOURCES.txt'
running build
running build_py
copying voice_kick_ball/voice_kick_ball.py -> /userdata/dev_ws/src/originman/build/voice_kick_ball/build/lib/voice_kick_ball
running install
running install_lib
copying /userdata/dev_ws/src/originman/build/voice_kick_ball/build/lib/voice_kick_ball/voice_kick_ball.py -> /userdata/dev_ws/src/originman/install/voice_kick_ball/lib/python3.10/site-packages/voice_kick_ball
byte-compiling /userdata/dev_ws/src/originman/install/voice_kick_ball/lib/python3.10/site-packages/voice_kick_ball/voice_kick_ball.py to voice_kick_ball.cpython-310.pyc
running install_data
running install_egg_info
removing '/userdata/dev_ws/src/originman/install/voice_kick_ball/lib/python3.10/site-packages/voice_kick_ball-0.0.0-py3.10.egg-info' (and everything under it)
Copying ../build/voice_kick_ball/voice_kick_ball.egg-info to /userdata/dev_ws/src/originman/install/voice_kick_ball/lib/python3.10/site-packages/voice_kick_ball-0.0.0-py3.10.egg-info
running install_scripts
Installing kick_ball script to /userdata/dev_ws/src/originman/install/voice_kick_ball/lib/voice_kick_ball
Installing voice_kick_node script to /userdata/dev_ws/src/originman/install/voice_kick_ball/lib/voice_kick_ball
writing list of installed files to '/userdata/dev_ws/src/originman/build/voice_kick_ball/install.log'
