[4.772s] Invoking command in '/userdata/dev_ws/src/originman/build/voice_kick_ball': PYTHONPATH=/userdata/dev_ws/src/originman/build/voice_kick_ball/prefix_override:/usr/lib/python3/dist-packages/colcon_core/task/python/colcon_distutils_commands:/userdata/dev_ws/src/originman/install/voice_kick_ball/lib/python3.10/site-packages:${PYTHONPATH} /usr/bin/python3 -W ignore:setup.py install is deprecated -W ignore:easy_install command is deprecated setup.py develop --editable --build-directory /userdata/dev_ws/src/originman/build/voice_kick_ball/build --no-deps symlink_data --force
[6.944s] running develop
[8.112s] running egg_info
[8.113s] writing voice_kick_ball.egg-info/PKG-INFO
[8.114s] writing dependency_links to voice_kick_ball.egg-info/dependency_links.txt
[8.115s] writing entry points to voice_kick_ball.egg-info/entry_points.txt
[8.116s] writing requirements to voice_kick_ball.egg-info/requires.txt
[8.116s] writing top-level names to voice_kick_ball.egg-info/top_level.txt
[8.127s] reading manifest file 'voice_kick_ball.egg-info/SOURCES.txt'
[8.133s] writing manifest file 'voice_kick_ball.egg-info/SOURCES.txt'
[8.143s] running build_ext
[8.144s] Creating /userdata/dev_ws/src/originman/install/voice_kick_ball/lib/python3.10/site-packages/voice-kick-ball.egg-link (link to .)
[8.149s] Installing kick_ball script to /userdata/dev_ws/src/originman/install/voice_kick_ball/lib/voice_kick_ball
[8.150s] Installing voice_kick_node script to /userdata/dev_ws/src/originman/install/voice_kick_ball/lib/voice_kick_ball
[8.151s] 
[8.152s] Installed /userdata/dev_ws/src/originman/build/voice_kick_ball
[8.153s] running symlink_data
[8.153s] symbolically linking /userdata/dev_ws/src/originman/build/voice_kick_ball/resource/voice_kick_ball -> /userdata/dev_ws/src/originman/install/voice_kick_ball/share/ament_index/resource_index/packages
[8.155s] symbolically linking /userdata/dev_ws/src/originman/build/voice_kick_ball/package.xml -> /userdata/dev_ws/src/originman/install/voice_kick_ball/share/voice_kick_ball
[8.156s] symbolically linking /userdata/dev_ws/src/originman/build/voice_kick_ball/launch/voice_kick.launch.py -> /userdata/dev_ws/src/originman/install/voice_kick_ball/share/voice_kick_ball/launch
[8.395s] Invoked command in '/userdata/dev_ws/src/originman/build/voice_kick_ball' returned '0': PYTHONPATH=/userdata/dev_ws/src/originman/build/voice_kick_ball/prefix_override:/usr/lib/python3/dist-packages/colcon_core/task/python/colcon_distutils_commands:/userdata/dev_ws/src/originman/install/voice_kick_ball/lib/python3.10/site-packages:${PYTHONPATH} /usr/bin/python3 -W ignore:setup.py install is deprecated -W ignore:easy_install command is deprecated setup.py develop --editable --build-directory /userdata/dev_ws/src/originman/build/voice_kick_ball/build --no-deps symlink_data --force
