[4.886s] Invoking command in '/userdata/dev_ws/src/originman/voice_kick_ball': PYTHONPATH=/userdata/dev_ws/src/originman/build/voice_kick_ball/prefix_override:/usr/lib/python3/dist-packages/colcon_core/task/python/colcon_distutils_commands:/userdata/dev_ws/src/originman/install/voice_kick_ball/lib/python3.10/site-packages:${PYTHONPATH} /usr/bin/python3 -W ignore:setup.py install is deprecated -W ignore:easy_install command is deprecated setup.py egg_info --egg-base ../build/voice_kick_ball build --build-base /userdata/dev_ws/src/originman/build/voice_kick_ball/build install --record /userdata/dev_ws/src/originman/build/voice_kick_ball/install.log --single-version-externally-managed install_data
[7.135s] running egg_info
[7.141s] writing ../build/voice_kick_ball/voice_kick_ball.egg-info/PKG-INFO
[7.142s] writing dependency_links to ../build/voice_kick_ball/voice_kick_ball.egg-info/dependency_links.txt
[7.143s] writing entry points to ../build/voice_kick_ball/voice_kick_ball.egg-info/entry_points.txt
[7.144s] writing requirements to ../build/voice_kick_ball/voice_kick_ball.egg-info/requires.txt
[7.145s] writing top-level names to ../build/voice_kick_ball/voice_kick_ball.egg-info/top_level.txt
[7.156s] reading manifest file '../build/voice_kick_ball/voice_kick_ball.egg-info/SOURCES.txt'
[7.162s] writing manifest file '../build/voice_kick_ball/voice_kick_ball.egg-info/SOURCES.txt'
[7.163s] running build
[7.164s] running build_py
[7.165s] copying voice_kick_ball/kick_ball.py -> /userdata/dev_ws/src/originman/build/voice_kick_ball/build/lib/voice_kick_ball
[7.168s] running install
[7.169s] running install_lib
[7.176s] copying /userdata/dev_ws/src/originman/build/voice_kick_ball/build/lib/voice_kick_ball/kick_ball.py -> /userdata/dev_ws/src/originman/install/voice_kick_ball/lib/python3.10/site-packages/voice_kick_ball
[7.181s] byte-compiling /userdata/dev_ws/src/originman/install/voice_kick_ball/lib/python3.10/site-packages/voice_kick_ball/kick_ball.py to kick_ball.cpython-310.pyc
[7.197s] running install_data
[7.197s] running install_egg_info
[7.209s] removing '/userdata/dev_ws/src/originman/install/voice_kick_ball/lib/python3.10/site-packages/voice_kick_ball-0.0.0-py3.10.egg-info' (and everything under it)
[7.211s] Copying ../build/voice_kick_ball/voice_kick_ball.egg-info to /userdata/dev_ws/src/originman/install/voice_kick_ball/lib/python3.10/site-packages/voice_kick_ball-0.0.0-py3.10.egg-info
[7.216s] running install_scripts
[7.355s] Installing kick_ball script to /userdata/dev_ws/src/originman/install/voice_kick_ball/lib/voice_kick_ball
[7.356s] Installing voice_kick_node script to /userdata/dev_ws/src/originman/install/voice_kick_ball/lib/voice_kick_ball
[7.358s] writing list of installed files to '/userdata/dev_ws/src/originman/build/voice_kick_ball/install.log'
[7.587s] Invoked command in '/userdata/dev_ws/src/originman/voice_kick_ball' returned '0': PYTHONPATH=/userdata/dev_ws/src/originman/build/voice_kick_ball/prefix_override:/usr/lib/python3/dist-packages/colcon_core/task/python/colcon_distutils_commands:/userdata/dev_ws/src/originman/install/voice_kick_ball/lib/python3.10/site-packages:${PYTHONPATH} /usr/bin/python3 -W ignore:setup.py install is deprecated -W ignore:easy_install command is deprecated setup.py egg_info --egg-base ../build/voice_kick_ball build --build-base /userdata/dev_ws/src/originman/build/voice_kick_ball/build install --record /userdata/dev_ws/src/originman/build/voice_kick_ball/install.log --single-version-externally-managed install_data
