[5.120s] Invoking command in '/userdata/dev_ws/src/originman/voice_kick_ball': PYTHONPATH=/userdata/dev_ws/src/originman/voice_kick_ball/build/voice_kick_ball/prefix_override:/usr/lib/python3/dist-packages/colcon_core/task/python/colcon_distutils_commands:/userdata/dev_ws/src/originman/voice_kick_ball/install/voice_kick_ball/lib/python3.10/site-packages:${PYTHONPATH} /usr/bin/python3 -W ignore:setup.py install is deprecated -W ignore:easy_install command is deprecated setup.py egg_info --egg-base build/voice_kick_ball build --build-base /userdata/dev_ws/src/originman/voice_kick_ball/build/voice_kick_ball/build install --record /userdata/dev_ws/src/originman/voice_kick_ball/build/voice_kick_ball/install.log --single-version-externally-managed install_data
[7.749s] running egg_info
[7.753s] creating build/voice_kick_ball/originman_kick_ball.egg-info
[7.756s] writing build/voice_kick_ball/originman_kick_ball.egg-info/PKG-INFO
[7.758s] writing dependency_links to build/voice_kick_ball/originman_kick_ball.egg-info/dependency_links.txt
[7.759s] writing entry points to build/voice_kick_ball/originman_kick_ball.egg-info/entry_points.txt
[7.760s] writing requirements to build/voice_kick_ball/originman_kick_ball.egg-info/requires.txt
[7.761s] writing top-level names to build/voice_kick_ball/originman_kick_ball.egg-info/top_level.txt
[7.761s] writing manifest file 'build/voice_kick_ball/originman_kick_ball.egg-info/SOURCES.txt'
[7.773s] reading manifest file 'build/voice_kick_ball/originman_kick_ball.egg-info/SOURCES.txt'
[7.778s] writing manifest file 'build/voice_kick_ball/originman_kick_ball.egg-info/SOURCES.txt'
[7.778s] running build
[7.779s] running build_py
[7.780s] creating /userdata/dev_ws/src/originman/voice_kick_ball/build/voice_kick_ball/build
[7.781s] creating /userdata/dev_ws/src/originman/voice_kick_ball/build/voice_kick_ball/build/lib
[7.781s] creating /userdata/dev_ws/src/originman/voice_kick_ball/build/voice_kick_ball/build/lib/voice_kick_ball
[7.782s] copying voice_kick_ball/voice_kick_ball.py -> /userdata/dev_ws/src/originman/voice_kick_ball/build/voice_kick_ball/build/lib/voice_kick_ball
[7.782s] copying voice_kick_ball/__init__.py -> /userdata/dev_ws/src/originman/voice_kick_ball/build/voice_kick_ball/build/lib/voice_kick_ball
[7.783s] running install
[7.784s] running install_lib
[7.789s] creating /userdata/dev_ws/src/originman/voice_kick_ball/install/voice_kick_ball/lib/python3.10/site-packages/voice_kick_ball
[7.789s] copying /userdata/dev_ws/src/originman/voice_kick_ball/build/voice_kick_ball/build/lib/voice_kick_ball/voice_kick_ball.py -> /userdata/dev_ws/src/originman/voice_kick_ball/install/voice_kick_ball/lib/python3.10/site-packages/voice_kick_ball
[7.790s] copying /userdata/dev_ws/src/originman/voice_kick_ball/build/voice_kick_ball/build/lib/voice_kick_ball/__init__.py -> /userdata/dev_ws/src/originman/voice_kick_ball/install/voice_kick_ball/lib/python3.10/site-packages/voice_kick_ball
[7.794s] byte-compiling /userdata/dev_ws/src/originman/voice_kick_ball/install/voice_kick_ball/lib/python3.10/site-packages/voice_kick_ball/voice_kick_ball.py to voice_kick_ball.cpython-310.pyc
[7.798s] byte-compiling /userdata/dev_ws/src/originman/voice_kick_ball/install/voice_kick_ball/lib/python3.10/site-packages/voice_kick_ball/__init__.py to __init__.cpython-310.pyc
[7.799s] running install_data
[7.799s] error: can't copy 'resource/originman_kick_ball': doesn't exist or not a regular file
[7.985s] Invoked command in '/userdata/dev_ws/src/originman/voice_kick_ball' returned '1': PYTHONPATH=/userdata/dev_ws/src/originman/voice_kick_ball/build/voice_kick_ball/prefix_override:/usr/lib/python3/dist-packages/colcon_core/task/python/colcon_distutils_commands:/userdata/dev_ws/src/originman/voice_kick_ball/install/voice_kick_ball/lib/python3.10/site-packages:${PYTHONPATH} /usr/bin/python3 -W ignore:setup.py install is deprecated -W ignore:easy_install command is deprecated setup.py egg_info --egg-base build/voice_kick_ball build --build-base /userdata/dev_ws/src/originman/voice_kick_ball/build/voice_kick_ball/build install --record /userdata/dev_ws/src/originman/voice_kick_ball/build/voice_kick_ball/install.log --single-version-externally-managed install_data
