running egg_info
creating build/voice_kick_ball/voice_kick_ball.egg-info
writing build/voice_kick_ball/voice_kick_ball.egg-info/PKG-INFO
writing dependency_links to build/voice_kick_ball/voice_kick_ball.egg-info/dependency_links.txt
writing entry points to build/voice_kick_ball/voice_kick_ball.egg-info/entry_points.txt
writing requirements to build/voice_kick_ball/voice_kick_ball.egg-info/requires.txt
writing top-level names to build/voice_kick_ball/voice_kick_ball.egg-info/top_level.txt
writing manifest file 'build/voice_kick_ball/voice_kick_ball.egg-info/SOURCES.txt'
reading manifest file 'build/voice_kick_ball/voice_kick_ball.egg-info/SOURCES.txt'
writing manifest file 'build/voice_kick_ball/voice_kick_ball.egg-info/SOURCES.txt'
running build
running build_py
running install
running install_lib
running install_data
creating /userdata/dev_ws/src/originman/voice_kick_ball/install/voice_kick_ball/share/voice_kick_ball/launch
copying launch/voice_kick.launch.py -> /userdata/dev_ws/src/originman/voice_kick_ball/install/voice_kick_ball/share/voice_kick_ball/launch
running install_egg_info
Copying build/voice_kick_ball/voice_kick_ball.egg-info to /userdata/dev_ws/src/originman/voice_kick_ball/install/voice_kick_ball/lib/python3.10/site-packages/voice_kick_ball-0.0.0-py3.10.egg-info
running install_scripts
Installing kick_ball script to /userdata/dev_ws/src/originman/voice_kick_ball/install/voice_kick_ball/lib/voice_kick_ball
writing list of installed files to '/userdata/dev_ws/src/originman/voice_kick_ball/build/voice_kick_ball/install.log'
