[4.987s] Invoking command in '/userdata/dev_ws/src/originman/voice_kick_ball': PYTHONPATH=/userdata/dev_ws/src/originman/voice_kick_ball/build/voice_kick_ball/prefix_override:/usr/lib/python3/dist-packages/colcon_core/task/python/colcon_distutils_commands:/userdata/dev_ws/src/originman/voice_kick_ball/install/voice_kick_ball/lib/python3.10/site-packages:${PYTHONPATH} /usr/bin/python3 -W ignore:setup.py install is deprecated -W ignore:easy_install command is deprecated setup.py egg_info --egg-base build/voice_kick_ball build --build-base /userdata/dev_ws/src/originman/voice_kick_ball/build/voice_kick_ball/build install --record /userdata/dev_ws/src/originman/voice_kick_ball/build/voice_kick_ball/install.log --single-version-externally-managed install_data
[7.351s] running egg_info
[7.357s] creating build/voice_kick_ball/voice_kick_ball.egg-info
[7.361s] writing build/voice_kick_ball/voice_kick_ball.egg-info/PKG-INFO
[7.363s] writing dependency_links to build/voice_kick_ball/voice_kick_ball.egg-info/dependency_links.txt
[7.364s] writing entry points to build/voice_kick_ball/voice_kick_ball.egg-info/entry_points.txt
[7.364s] writing requirements to build/voice_kick_ball/voice_kick_ball.egg-info/requires.txt
[7.365s] writing top-level names to build/voice_kick_ball/voice_kick_ball.egg-info/top_level.txt
[7.366s] writing manifest file 'build/voice_kick_ball/voice_kick_ball.egg-info/SOURCES.txt'
[7.376s] reading manifest file 'build/voice_kick_ball/voice_kick_ball.egg-info/SOURCES.txt'
[7.380s] writing manifest file 'build/voice_kick_ball/voice_kick_ball.egg-info/SOURCES.txt'
[7.381s] running build
[7.382s] running build_py
[7.383s] running install
[7.385s] running install_lib
[7.393s] running install_data
[7.394s] creating /userdata/dev_ws/src/originman/voice_kick_ball/install/voice_kick_ball/share/voice_kick_ball/launch
[7.395s] copying launch/voice_kick.launch.py -> /userdata/dev_ws/src/originman/voice_kick_ball/install/voice_kick_ball/share/voice_kick_ball/launch
[7.396s] running install_egg_info
[7.408s] Copying build/voice_kick_ball/voice_kick_ball.egg-info to /userdata/dev_ws/src/originman/voice_kick_ball/install/voice_kick_ball/lib/python3.10/site-packages/voice_kick_ball-0.0.0-py3.10.egg-info
[7.412s] running install_scripts
[7.551s] Installing kick_ball script to /userdata/dev_ws/src/originman/voice_kick_ball/install/voice_kick_ball/lib/voice_kick_ball
[7.554s] writing list of installed files to '/userdata/dev_ws/src/originman/voice_kick_ball/build/voice_kick_ball/install.log'
[7.759s] Invoked command in '/userdata/dev_ws/src/originman/voice_kick_ball' returned '0': PYTHONPATH=/userdata/dev_ws/src/originman/voice_kick_ball/build/voice_kick_ball/prefix_override:/usr/lib/python3/dist-packages/colcon_core/task/python/colcon_distutils_commands:/userdata/dev_ws/src/originman/voice_kick_ball/install/voice_kick_ball/lib/python3.10/site-packages:${PYTHONPATH} /usr/bin/python3 -W ignore:setup.py install is deprecated -W ignore:easy_install command is deprecated setup.py egg_info --egg-base build/voice_kick_ball build --build-base /userdata/dev_ws/src/originman/voice_kick_ball/build/voice_kick_ball/build install --record /userdata/dev_ws/src/originman/voice_kick_ball/build/voice_kick_ball/install.log --single-version-externally-managed install_data
