[5.167s] Invoking command in '/userdata/dev_ws/src/originman/voice_kick_ball': PYTHONPATH=/userdata/dev_ws/src/originman/voice_kick_ball/build/voice_kick_ball/prefix_override:/usr/lib/python3/dist-packages/colcon_core/task/python/colcon_distutils_commands:/userdata/dev_ws/src/originman/voice_kick_ball/install/voice_kick_ball/lib/python3.10/site-packages:${PYTHONPATH} /usr/bin/python3 -W ignore:setup.py install is deprecated -W ignore:easy_install command is deprecated setup.py egg_info --egg-base build/voice_kick_ball build --build-base /userdata/dev_ws/src/originman/voice_kick_ball/build/voice_kick_ball/build install --record /userdata/dev_ws/src/originman/voice_kick_ball/build/voice_kick_ball/install.log --single-version-externally-managed install_data
[7.358s] running egg_info
[7.367s] writing build/voice_kick_ball/voice_kick_ball.egg-info/PKG-INFO
[7.368s] writing dependency_links to build/voice_kick_ball/voice_kick_ball.egg-info/dependency_links.txt
[7.369s] writing entry points to build/voice_kick_ball/voice_kick_ball.egg-info/entry_points.txt
[7.370s] writing requirements to build/voice_kick_ball/voice_kick_ball.egg-info/requires.txt
[7.370s] writing top-level names to build/voice_kick_ball/voice_kick_ball.egg-info/top_level.txt
[7.382s] reading manifest file 'build/voice_kick_ball/voice_kick_ball.egg-info/SOURCES.txt'
[7.388s] writing manifest file 'build/voice_kick_ball/voice_kick_ball.egg-info/SOURCES.txt'
[7.389s] running build
[7.389s] running build_py
[7.390s] running install
[7.392s] running install_lib
[7.400s] running install_data
[7.401s] copying launch/voice_kick.launch.py -> /userdata/dev_ws/src/originman/voice_kick_ball/install/voice_kick_ball/share/voice_kick_ball/launch
[7.402s] running install_egg_info
[7.415s] removing '/userdata/dev_ws/src/originman/voice_kick_ball/install/voice_kick_ball/lib/python3.10/site-packages/voice_kick_ball-0.0.0-py3.10.egg-info' (and everything under it)
[7.418s] Copying build/voice_kick_ball/voice_kick_ball.egg-info to /userdata/dev_ws/src/originman/voice_kick_ball/install/voice_kick_ball/lib/python3.10/site-packages/voice_kick_ball-0.0.0-py3.10.egg-info
[7.423s] running install_scripts
[7.554s] Installing kick_ball script to /userdata/dev_ws/src/originman/voice_kick_ball/install/voice_kick_ball/lib/voice_kick_ball
[7.556s] writing list of installed files to '/userdata/dev_ws/src/originman/voice_kick_ball/build/voice_kick_ball/install.log'
[7.762s] Invoked command in '/userdata/dev_ws/src/originman/voice_kick_ball' returned '0': PYTHONPATH=/userdata/dev_ws/src/originman/voice_kick_ball/build/voice_kick_ball/prefix_override:/usr/lib/python3/dist-packages/colcon_core/task/python/colcon_distutils_commands:/userdata/dev_ws/src/originman/voice_kick_ball/install/voice_kick_ball/lib/python3.10/site-packages:${PYTHONPATH} /usr/bin/python3 -W ignore:setup.py install is deprecated -W ignore:easy_install command is deprecated setup.py egg_info --egg-base build/voice_kick_ball build --build-base /userdata/dev_ws/src/originman/voice_kick_ball/build/voice_kick_ball/build install --record /userdata/dev_ws/src/originman/voice_kick_ball/build/voice_kick_ball/install.log --single-version-externally-managed install_data
