[7.248s] Invoking command in '/userdata/dev_ws/src/originman/originman_kick_ball': PYTHONPATH=/userdata/dev_ws/src/originman/build/originman_kick_ball/prefix_override:/usr/lib/python3/dist-packages/colcon_core/task/python/colcon_distutils_commands:/userdata/dev_ws/src/originman/install/originman_kick_ball/lib/python3.10/site-packages:${PYTHONPATH} ROS_DOMAIN_ID=61 /usr/bin/python3 -W ignore:setup.py install is deprecated -W ignore:easy_install command is deprecated setup.py egg_info --egg-base ../build/originman_kick_ball build --build-base /userdata/dev_ws/src/originman/build/originman_kick_ball/build install --record /userdata/dev_ws/src/originman/build/originman_kick_ball/install.log --single-version-externally-managed install_data
[9.707s] running egg_info
[9.709s] creating ../build/originman_kick_ball/originman_kick_ball.egg-info
[9.711s] writing ../build/originman_kick_ball/originman_kick_ball.egg-info/PKG-INFO
[9.713s] writing dependency_links to ../build/originman_kick_ball/originman_kick_ball.egg-info/dependency_links.txt
[9.714s] writing entry points to ../build/originman_kick_ball/originman_kick_ball.egg-info/entry_points.txt
[9.714s] writing requirements to ../build/originman_kick_ball/originman_kick_ball.egg-info/requires.txt
[9.715s] writing top-level names to ../build/originman_kick_ball/originman_kick_ball.egg-info/top_level.txt
[9.716s] writing manifest file '../build/originman_kick_ball/originman_kick_ball.egg-info/SOURCES.txt'
[9.728s] reading manifest file '../build/originman_kick_ball/originman_kick_ball.egg-info/SOURCES.txt'
[9.733s] writing manifest file '../build/originman_kick_ball/originman_kick_ball.egg-info/SOURCES.txt'
[9.736s] running build
[9.737s] running build_py
[9.739s] creating /userdata/dev_ws/src/originman/build/originman_kick_ball/build
[9.739s] creating /userdata/dev_ws/src/originman/build/originman_kick_ball/build/lib
[9.740s] creating /userdata/dev_ws/src/originman/build/originman_kick_ball/build/lib/originman_kick_ball
[9.741s] copying originman_kick_ball/kick_ball.py -> /userdata/dev_ws/src/originman/build/originman_kick_ball/build/lib/originman_kick_ball
[9.742s] copying originman_kick_ball/__init__.py -> /userdata/dev_ws/src/originman/build/originman_kick_ball/build/lib/originman_kick_ball
[9.744s] running install
[9.746s] running install_lib
[9.749s] creating /userdata/dev_ws/src/originman/install/originman_kick_ball/lib/python3.10/site-packages/originman_kick_ball
[9.750s] copying /userdata/dev_ws/src/originman/build/originman_kick_ball/build/lib/originman_kick_ball/kick_ball.py -> /userdata/dev_ws/src/originman/install/originman_kick_ball/lib/python3.10/site-packages/originman_kick_ball
[9.750s] copying /userdata/dev_ws/src/originman/build/originman_kick_ball/build/lib/originman_kick_ball/__init__.py -> /userdata/dev_ws/src/originman/install/originman_kick_ball/lib/python3.10/site-packages/originman_kick_ball
[9.754s] byte-compiling /userdata/dev_ws/src/originman/install/originman_kick_ball/lib/python3.10/site-packages/originman_kick_ball/kick_ball.py to kick_ball.cpython-310.pyc
[9.769s] byte-compiling /userdata/dev_ws/src/originman/install/originman_kick_ball/lib/python3.10/site-packages/originman_kick_ball/__init__.py to __init__.cpython-310.pyc
[9.770s] running install_data
[9.772s] creating /userdata/dev_ws/src/originman/install/originman_kick_ball/share/ament_index
[9.773s] creating /userdata/dev_ws/src/originman/install/originman_kick_ball/share/ament_index/resource_index
[9.773s] creating /userdata/dev_ws/src/originman/install/originman_kick_ball/share/ament_index/resource_index/packages
[9.774s] copying resource/originman_kick_ball -> /userdata/dev_ws/src/originman/install/originman_kick_ball/share/ament_index/resource_index/packages
[9.775s] copying package.xml -> /userdata/dev_ws/src/originman/install/originman_kick_ball/share/originman_kick_ball
[9.776s] running install_egg_info
[9.787s] Copying ../build/originman_kick_ball/originman_kick_ball.egg-info to /userdata/dev_ws/src/originman/install/originman_kick_ball/lib/python3.10/site-packages/originman_kick_ball-0.0.0-py3.10.egg-info
[9.792s] running install_scripts
[9.932s] Installing kick_ball script to /userdata/dev_ws/src/originman/install/originman_kick_ball/lib/originman_kick_ball
[9.934s] writing list of installed files to '/userdata/dev_ws/src/originman/build/originman_kick_ball/install.log'
[10.162s] Invoked command in '/userdata/dev_ws/src/originman/originman_kick_ball' returned '0': PYTHONPATH=/userdata/dev_ws/src/originman/build/originman_kick_ball/prefix_override:/usr/lib/python3/dist-packages/colcon_core/task/python/colcon_distutils_commands:/userdata/dev_ws/src/originman/install/originman_kick_ball/lib/python3.10/site-packages:${PYTHONPATH} ROS_DOMAIN_ID=61 /usr/bin/python3 -W ignore:setup.py install is deprecated -W ignore:easy_install command is deprecated setup.py egg_info --egg-base ../build/originman_kick_ball build --build-base /userdata/dev_ws/src/originman/build/originman_kick_ball/build install --record /userdata/dev_ws/src/originman/build/originman_kick_ball/install.log --single-version-externally-managed install_data
