[5.378s] Invoking command in '/userdata/dev_ws/src/originman/voice_kick_ball': PYTHONPATH=/userdata/dev_ws/src/originman/build/voice_kick_ball/prefix_override:/usr/lib/python3/dist-packages/colcon_core/task/python/colcon_distutils_commands:/userdata/dev_ws/src/originman/install/voice_kick_ball/lib/python3.10/site-packages:${PYTHONPATH} /usr/bin/python3 -W ignore:setup.py install is deprecated -W ignore:easy_install command is deprecated setup.py egg_info --egg-base ../build/voice_kick_ball build --build-base /userdata/dev_ws/src/originman/build/voice_kick_ball/build install --record /userdata/dev_ws/src/originman/build/voice_kick_ball/install.log --single-version-externally-managed install_data
[7.213s] running egg_info
[7.217s] creating ../build/voice_kick_ball/voice_kick_ball.egg-info
[7.220s] writing ../build/voice_kick_ball/voice_kick_ball.egg-info/PKG-INFO
[7.222s] writing dependency_links to ../build/voice_kick_ball/voice_kick_ball.egg-info/dependency_links.txt
[7.223s] writing entry points to ../build/voice_kick_ball/voice_kick_ball.egg-info/entry_points.txt
[7.223s] writing requirements to ../build/voice_kick_ball/voice_kick_ball.egg-info/requires.txt
[7.224s] writing top-level names to ../build/voice_kick_ball/voice_kick_ball.egg-info/top_level.txt
[7.225s] writing manifest file '../build/voice_kick_ball/voice_kick_ball.egg-info/SOURCES.txt'
[7.243s] reading manifest file '../build/voice_kick_ball/voice_kick_ball.egg-info/SOURCES.txt'
[7.247s] writing manifest file '../build/voice_kick_ball/voice_kick_ball.egg-info/SOURCES.txt'
[7.248s] running build
[7.250s] running build_py
[7.251s] creating /userdata/dev_ws/src/originman/build/voice_kick_ball/build
[7.251s] creating /userdata/dev_ws/src/originman/build/voice_kick_ball/build/lib
[7.252s] creating /userdata/dev_ws/src/originman/build/voice_kick_ball/build/lib/voice_kick_ball
[7.253s] copying voice_kick_ball/voice_kick_ball.py -> /userdata/dev_ws/src/originman/build/voice_kick_ball/build/lib/voice_kick_ball
[7.253s] copying voice_kick_ball/__init__.py -> /userdata/dev_ws/src/originman/build/voice_kick_ball/build/lib/voice_kick_ball
[7.254s] running install
[7.255s] running install_lib
[7.261s] creating /userdata/dev_ws/src/originman/install/voice_kick_ball/lib/python3.10/site-packages/voice_kick_ball
[7.262s] copying /userdata/dev_ws/src/originman/build/voice_kick_ball/build/lib/voice_kick_ball/voice_kick_ball.py -> /userdata/dev_ws/src/originman/install/voice_kick_ball/lib/python3.10/site-packages/voice_kick_ball
[7.262s] copying /userdata/dev_ws/src/originman/build/voice_kick_ball/build/lib/voice_kick_ball/__init__.py -> /userdata/dev_ws/src/originman/install/voice_kick_ball/lib/python3.10/site-packages/voice_kick_ball
[7.267s] byte-compiling /userdata/dev_ws/src/originman/install/voice_kick_ball/lib/python3.10/site-packages/voice_kick_ball/voice_kick_ball.py to voice_kick_ball.cpython-310.pyc
[7.273s] byte-compiling /userdata/dev_ws/src/originman/install/voice_kick_ball/lib/python3.10/site-packages/voice_kick_ball/__init__.py to __init__.cpython-310.pyc
[7.274s] running install_data
[7.276s] creating /userdata/dev_ws/src/originman/install/voice_kick_ball/share/ament_index
[7.276s] creating /userdata/dev_ws/src/originman/install/voice_kick_ball/share/ament_index/resource_index
[7.277s] creating /userdata/dev_ws/src/originman/install/voice_kick_ball/share/ament_index/resource_index/packages
[7.277s] copying resource/voice_kick_ball -> /userdata/dev_ws/src/originman/install/voice_kick_ball/share/ament_index/resource_index/packages
[7.289s] copying package.xml -> /userdata/dev_ws/src/originman/install/voice_kick_ball/share/voice_kick_ball
[7.290s] creating /userdata/dev_ws/src/originman/install/voice_kick_ball/share/voice_kick_ball/launch
[7.291s] copying launch/voice_kick.launch.py -> /userdata/dev_ws/src/originman/install/voice_kick_ball/share/voice_kick_ball/launch
[7.291s] running install_egg_info
[7.302s] Copying ../build/voice_kick_ball/voice_kick_ball.egg-info to /userdata/dev_ws/src/originman/install/voice_kick_ball/lib/python3.10/site-packages/voice_kick_ball-0.0.0-py3.10.egg-info
[7.307s] running install_scripts
[7.451s] Installing kick_ball script to /userdata/dev_ws/src/originman/install/voice_kick_ball/lib/voice_kick_ball
[7.453s] Installing voice_kick_node script to /userdata/dev_ws/src/originman/install/voice_kick_ball/lib/voice_kick_ball
[7.460s] writing list of installed files to '/userdata/dev_ws/src/originman/build/voice_kick_ball/install.log'
[7.682s] Invoked command in '/userdata/dev_ws/src/originman/voice_kick_ball' returned '0': PYTHONPATH=/userdata/dev_ws/src/originman/build/voice_kick_ball/prefix_override:/usr/lib/python3/dist-packages/colcon_core/task/python/colcon_distutils_commands:/userdata/dev_ws/src/originman/install/voice_kick_ball/lib/python3.10/site-packages:${PYTHONPATH} /usr/bin/python3 -W ignore:setup.py install is deprecated -W ignore:easy_install command is deprecated setup.py egg_info --egg-base ../build/voice_kick_ball build --build-base /userdata/dev_ws/src/originman/build/voice_kick_ball/build install --record /userdata/dev_ws/src/originman/build/voice_kick_ball/install.log --single-version-externally-managed install_data
