[8.066s] Invoking command in '/userdata/dev_ws/src/originman/voice_kick_ball': PYTHONPATH=/userdata/dev_ws/src/originman/build/voice_kick_ball/prefix_override:/usr/lib/python3/dist-packages/colcon_core/task/python/colcon_distutils_commands:/userdata/dev_ws/src/originman/install/voice_kick_ball/lib/python3.10/site-packages:${PYTHONPATH} /usr/bin/python3 -W ignore:setup.py install is deprecated -W ignore:easy_install command is deprecated setup.py egg_info --egg-base ../build/voice_kick_ball build --build-base /userdata/dev_ws/src/originman/build/voice_kick_ball/build install --record /userdata/dev_ws/src/originman/build/voice_kick_ball/install.log --single-version-externally-managed install_data
[10.418s] running egg_info
[10.433s] writing ../build/voice_kick_ball/voice_kick_ball.egg-info/PKG-INFO
[10.435s] writing dependency_links to ../build/voice_kick_ball/voice_kick_ball.egg-info/dependency_links.txt
[10.437s] writing entry points to ../build/voice_kick_ball/voice_kick_ball.egg-info/entry_points.txt
[10.439s] writing requirements to ../build/voice_kick_ball/voice_kick_ball.egg-info/requires.txt
[10.440s] writing top-level names to ../build/voice_kick_ball/voice_kick_ball.egg-info/top_level.txt
[10.451s] reading manifest file '../build/voice_kick_ball/voice_kick_ball.egg-info/SOURCES.txt'
[10.457s] writing manifest file '../build/voice_kick_ball/voice_kick_ball.egg-info/SOURCES.txt'
[10.458s] running build
[10.458s] running build_py
[10.460s] running install
[10.461s] running install_lib
[10.470s] running install_data
[10.470s] running install_egg_info
[10.481s] removing '/userdata/dev_ws/src/originman/install/voice_kick_ball/lib/python3.10/site-packages/voice_kick_ball-0.0.0-py3.10.egg-info' (and everything under it)
[10.486s] Copying ../build/voice_kick_ball/voice_kick_ball.egg-info to /userdata/dev_ws/src/originman/install/voice_kick_ball/lib/python3.10/site-packages/voice_kick_ball-0.0.0-py3.10.egg-info
[10.492s] running install_scripts
[10.623s] Installing kick_ball script to /userdata/dev_ws/src/originman/install/voice_kick_ball/lib/voice_kick_ball
[10.624s] Installing voice_kick_node script to /userdata/dev_ws/src/originman/install/voice_kick_ball/lib/voice_kick_ball
[10.626s] writing list of installed files to '/userdata/dev_ws/src/originman/build/voice_kick_ball/install.log'
[10.848s] Invoked command in '/userdata/dev_ws/src/originman/voice_kick_ball' returned '0': PYTHONPATH=/userdata/dev_ws/src/originman/build/voice_kick_ball/prefix_override:/usr/lib/python3/dist-packages/colcon_core/task/python/colcon_distutils_commands:/userdata/dev_ws/src/originman/install/voice_kick_ball/lib/python3.10/site-packages:${PYTHONPATH} /usr/bin/python3 -W ignore:setup.py install is deprecated -W ignore:easy_install command is deprecated setup.py egg_info --egg-base ../build/voice_kick_ball build --build-base /userdata/dev_ws/src/originman/build/voice_kick_ball/build install --record /userdata/dev_ws/src/originman/build/voice_kick_ball/install.log --single-version-externally-managed install_data
